# JRE version: OpenJDK Runtime Environment Microsoft-12574459 (21.0.9+10) (build 21.0.9+10-LTS)
# Java VM: OpenJDK 64-Bit Server VM Microsoft-12574459 (21.0.9+10-LTS, mixed mode, emulated-client, sharing, tiered, compressed oops, compressed class ptrs, g1 gc, windows-amd64)
GC Precious Log:
 CardTable entry size: 512
 Card Set container configuration: InlinePtr #cards 5 size 8 Array Of Cards #cards 12 size 40 Howl #buckets 4 coarsen threshold 1843 Howl Bitmap #cards 512 size 80 coarsen threshold 460 Card regions per heap region 1 cards per card region 2048
 CPUs: 12 total, 12 available
 Memory: 7913M
 Large Page Support: Disabled
 NUMA Support: Disabled
 Compressed Oops: Enabled (32-bit)
 Heap Region Size: 1M
 Heap Min Capacity: 8M
 Heap Initial Capacity: 124M
 Heap Max Capacity: 1980M
 Pre-touch: Disabled
 Parallel Workers: 10
 Concurrent Workers: 3
 Concurrent Refinement Workers: 10
 Periodic GC: Disabled
Heap:
 garbage-first heap   total 153600K, used 91267K [0x0000000084400000, 0x0000000100000000)
  region size 1024K, 53 young (54272K), 8 survivors (8192K)
 Metaspace       used 92546K, committed 93504K, reserved 1179648K
  class space    used 13501K, committed 13888K, reserved 1048576K
GC Heap History (20 events):
Event: 5.245 GC heap after
{Heap after GC invocations=21 (full 0):
 garbage-first heap   total 148480K, used 63282K [0x0000000084400000, 0x0000000100000000)
  region size 1024K, 7 young (7168K), 7 survivors (7168K)
 Metaspace       used 71053K, committed 71808K, reserved 1114112K
  class space    used 10443K, committed 10752K, reserved 1048576K
}
Event: 5.394 GC heap before
{Heap before GC invocations=21 (full 0):
 garbage-first heap   total 148480K, used 109362K [0x0000000084400000, 0x0000000100000000)
  region size 1024K, 53 young (54272K), 7 survivors (7168K)
 Metaspace       used 73441K, committed 74176K, reserved 1114112K
  class space    used 10804K, committed 11136K, reserved 1048576K
}
Event: 5.400 GC heap after
{Heap after GC invocations=22 (full 0):
 garbage-first heap   total 148480K, used 66918K [0x0000000084400000, 0x0000000100000000)
  region size 1024K, 3 young (3072K), 3 survivors (3072K)
 Metaspace       used 73441K, committed 74176K, reserved 1114112K
  class space    used 10804K, committed 11136K, reserved 1048576K
}
Event: 5.954 GC heap before
{Heap before GC invocations=23 (full 0):
 garbage-first heap   total 148480K, used 114022K [0x0000000084400000, 0x0000000100000000)
  region size 1024K, 50 young (51200K), 3 survivors (3072K)
 Metaspace       used 78508K, committed 79296K, reserved 1179648K
  class space    used 11576K, committed 11904K, reserved 1048576K
}
Event: 5.958 GC heap after
{Heap after GC invocations=24 (full 0):
 garbage-first heap   total 148480K, used 69485K [0x0000000084400000, 0x0000000100000000)
  region size 1024K, 6 young (6144K), 6 survivors (6144K)
 Metaspace       used 78508K, committed 79296K, reserved 1179648K
  class space    used 11576K, committed 11904K, reserved 1048576K
}
Event: 74.764 GC heap before
{Heap before GC invocations=24 (full 0):
 garbage-first heap   total 148480K, used 116589K [0x0000000084400000, 0x0000000100000000)
  region size 1024K, 53 young (54272K), 6 survivors (6144K)
 Metaspace       used 81573K, committed 82432K, reserved 1179648K
  class space    used 12077K, committed 12480K, reserved 1048576K
}
Event: 74.806 GC heap after
{Heap after GC invocations=25 (full 1):
 garbage-first heap   total 130048K, used 35533K [0x0000000084400000, 0x0000000100000000)
  region size 1024K, 0 young (0K), 0 survivors (0K)
 Metaspace       used 81566K, committed 82432K, reserved 1179648K
  class space    used 12076K, committed 12480K, reserved 1048576K
}
Event: 75.206 GC heap before
{Heap before GC invocations=25 (full 1):
 garbage-first heap   total 130048K, used 92877K [0x0000000084400000, 0x0000000100000000)
  region size 1024K, 57 young (58368K), 0 survivors (0K)
 Metaspace       used 81742K, committed 82560K, reserved 1179648K
  class space    used 12101K, committed 12480K, reserved 1048576K
}
Event: 75.211 GC heap after
{Heap after GC invocations=26 (full 1):
 garbage-first heap   total 130048K, used 40461K [0x0000000084400000, 0x0000000100000000)
  region size 1024K, 5 young (5120K), 5 survivors (5120K)
 Metaspace       used 81742K, committed 82560K, reserved 1179648K
  class space    used 12101K, committed 12480K, reserved 1048576K
}
Event: 75.650 GC heap before
{Heap before GC invocations=27 (full 1):
 garbage-first heap   total 130048K, used 100877K [0x0000000084400000, 0x0000000100000000)
  region size 1024K, 64 young (65536K), 5 survivors (5120K)
 Metaspace       used 82283K, committed 83136K, reserved 1179648K
  class space    used 12147K, committed 12544K, reserved 1048576K
}
Event: 75.656 GC heap after
{Heap after GC invocations=28 (full 1):
 garbage-first heap   total 130048K, used 43851K [0x0000000084400000, 0x0000000100000000)
  region size 1024K, 4 young (4096K), 4 survivors (4096K)
 Metaspace       used 82283K, committed 83136K, reserved 1179648K
  class space    used 12147K, committed 12544K, reserved 1048576K
}
Event: 77.159 GC heap before
{Heap before GC invocations=28 (full 1):
 garbage-first heap   total 130048K, used 57163K [0x0000000084400000, 0x0000000100000000)
  region size 1024K, 18 young (18432K), 4 survivors (4096K)
 Metaspace       used 82288K, committed 83136K, reserved 1179648K
  class space    used 12149K, committed 12544K, reserved 1048576K
}
Event: 77.221 GC heap after
{Heap after GC invocations=29 (full 2):
 garbage-first heap   total 130048K, used 36195K [0x0000000084400000, 0x0000000100000000)
  region size 1024K, 0 young (0K), 0 survivors (0K)
 Metaspace       used 82279K, committed 83136K, reserved 1179648K
  class space    used 12147K, committed 12544K, reserved 1048576K
}
Event: 77.620 GC heap before
{Heap before GC invocations=29 (full 2):
 garbage-first heap   total 130048K, used 101731K [0x0000000084400000, 0x0000000100000000)
  region size 1024K, 65 young (66560K), 0 survivors (0K)
 Metaspace       used 82485K, committed 83328K, reserved 1179648K
  class space    used 12176K, committed 12544K, reserved 1048576K
}
Event: 77.625 GC heap after
{Heap after GC invocations=30 (full 2):
 garbage-first heap   total 262144K, used 41605K [0x0000000084400000, 0x0000000100000000)
  region size 1024K, 6 young (6144K), 6 survivors (6144K)
 Metaspace       used 82485K, committed 83328K, reserved 1179648K
  class space    used 12176K, committed 12544K, reserved 1048576K
}
Event: 93.869 GC heap before
{Heap before GC invocations=31 (full 2):
 garbage-first heap   total 153600K, used 126597K [0x0000000084400000, 0x0000000100000000)
  region size 1024K, 90 young (92160K), 6 survivors (6144K)
 Metaspace       used 87337K, committed 88256K, reserved 1179648K
  class space    used 12806K, committed 13184K, reserved 1048576K
}
Event: 93.875 GC heap after
{Heap after GC invocations=32 (full 2):
 garbage-first heap   total 153600K, used 44900K [0x0000000084400000, 0x0000000100000000)
  region size 1024K, 9 young (9216K), 9 survivors (9216K)
 Metaspace       used 87337K, committed 88256K, reserved 1179648K
  class space    used 12806K, committed 13184K, reserved 1048576K
}
Event: 589.753 GC heap before
{Heap before GC invocations=32 (full 2):
 garbage-first heap   total 153600K, used 125796K [0x0000000084400000, 0x0000000100000000)
  region size 1024K, 89 young (91136K), 9 survivors (9216K)
 Metaspace       used 90185K, committed 91136K, reserved 1179648K
  class space    used 13180K, committed 13568K, reserved 1048576K
}
Event: 589.778 GC heap after
{Heap after GC invocations=33 (full 2):
 garbage-first heap   total 153600K, used 47235K [0x0000000084400000, 0x0000000100000000)
  region size 1024K, 8 young (8192K), 8 survivors (8192K)
 Metaspace       used 90185K, committed 91136K, reserved 1179648K
  class space    used 13180K, committed 13568K, reserved 1048576K
}
Event: 935.450 GC heap before
{Heap before GC invocations=33 (full 2):
 garbage-first heap   total 153600K, used 91267K [0x0000000084400000, 0x0000000100000000)
  region size 1024K, 53 young (54272K), 8 survivors (8192K)
 Metaspace       used 92546K, committed 93504K, reserved 1179648K
  class space    used 13501K, committed 13888K, reserved 1048576K
}

