# JRE version: OpenJDK Runtime Environment Microsoft-12574459 (21.0.9+10) (build 21.0.9+10-LTS)
# Java VM: OpenJDK 64-Bit Server VM Microsoft-12574459 (21.0.9+10-LTS, mixed mode, sharing, tiered, compressed oops, compressed class ptrs, g1 gc, windows-amd64)
GC Precious Log:
 CardTable entry size: 512
 Card Set container configuration: InlinePtr #cards 5 size 8 Array Of Cards #cards 12 size 40 Howl #buckets 4 coarsen threshold 1843 Howl Bitmap #cards 512 size 80 coarsen threshold 460 Card regions per heap region 1 cards per card region 2048
 CPUs: 12 total, 12 available
 Memory: 7913M
 Large Page Support: Disabled
 NUMA Support: Disabled
 Compressed Oops: Enabled (32-bit)
 Heap Region Size: 1M
 Heap Min Capacity: 256M
 Heap Initial Capacity: 256M
 Heap Max Capacity: 512M
 Pre-touch: Disabled
 Parallel Workers: 10
 Concurrent Workers: 3
 Concurrent Refinement Workers: 10
 Periodic GC: Disabled
Heap:
 garbage-first heap   total 262144K, used 178472K [0x00000000e0000000, 0x0000000100000000)
  region size 1024K, 116 young (118784K), 20 survivors (20480K)
 Metaspace       used 79048K, committed 81408K, reserved 458752K
  class space    used 11111K, committed 12288K, reserved 327680K
GC Heap History (20 events):
Event: 0.694 GC heap before
{Heap before GC invocations=1 (full 0):
 garbage-first heap   total 262144K, used 40522K [0x00000000e0000000, 0x0000000100000000)
  region size 1024K, 38 young (38912K), 2 survivors (2048K)
 Metaspace       used 4413K, committed 4608K, reserved 393216K
  class space    used 558K, committed 640K, reserved 327680K
}
Event: 0.699 GC heap after
{Heap after GC invocations=2 (full 0):
 garbage-first heap   total 262144K, used 10905K [0x00000000e0000000, 0x0000000100000000)
  region size 1024K, 5 young (5120K), 5 survivors (5120K)
 Metaspace       used 4413K, committed 4608K, reserved 393216K
  class space    used 558K, committed 640K, reserved 327680K
}
Event: 1.214 GC heap before
{Heap before GC invocations=2 (full 0):
 garbage-first heap   total 262144K, used 70297K [0x00000000e0000000, 0x0000000100000000)
  region size 1024K, 61 young (62464K), 5 survivors (5120K)
 Metaspace       used 7002K, committed 7296K, reserved 393216K
  class space    used 939K, committed 1024K, reserved 327680K
}
Event: 1.220 GC heap after
{Heap after GC invocations=3 (full 0):
 garbage-first heap   total 262144K, used 18165K [0x00000000e0000000, 0x0000000100000000)
  region size 1024K, 6 young (6144K), 6 survivors (6144K)
 Metaspace       used 7002K, committed 7296K, reserved 393216K
  class space    used 939K, committed 1024K, reserved 327680K
}
Event: 2.368 GC heap before
{Heap before GC invocations=3 (full 0):
 garbage-first heap   total 262144K, used 103157K [0x00000000e0000000, 0x0000000100000000)
  region size 1024K, 90 young (92160K), 6 survivors (6144K)
 Metaspace       used 20937K, committed 21504K, reserved 393216K
  class space    used 3078K, committed 3328K, reserved 327680K
}
Event: 2.379 GC heap after
{Heap after GC invocations=4 (full 0):
 garbage-first heap   total 262144K, used 24466K [0x00000000e0000000, 0x0000000100000000)
  region size 1024K, 13 young (13312K), 13 survivors (13312K)
 Metaspace       used 20937K, committed 21504K, reserved 393216K
  class space    used 3078K, committed 3328K, reserved 327680K
}
Event: 3.504 GC heap before
{Heap before GC invocations=5 (full 0):
 garbage-first heap   total 262144K, used 133010K [0x00000000e0000000, 0x0000000100000000)
  region size 1024K, 116 young (118784K), 13 survivors (13312K)
 Metaspace       used 34945K, committed 35968K, reserved 393216K
  class space    used 4916K, committed 5440K, reserved 327680K
}
Event: 3.523 GC heap after
{Heap after GC invocations=6 (full 0):
 garbage-first heap   total 262144K, used 32056K [0x00000000e0000000, 0x0000000100000000)
  region size 1024K, 14 young (14336K), 14 survivors (14336K)
 Metaspace       used 34945K, committed 35968K, reserved 393216K
  class space    used 4916K, committed 5440K, reserved 327680K
}
Event: 3.551 GC heap before
{Heap before GC invocations=6 (full 0):
 garbage-first heap   total 262144K, used 33080K [0x00000000e0000000, 0x0000000100000000)
  region size 1024K, 16 young (16384K), 14 survivors (14336K)
 Metaspace       used 35253K, committed 36288K, reserved 393216K
  class space    used 4943K, committed 5440K, reserved 327680K
}
Event: 3.560 GC heap after
{Heap after GC invocations=7 (full 0):
 garbage-first heap   total 262144K, used 32150K [0x00000000e0000000, 0x0000000100000000)
  region size 1024K, 9 young (9216K), 9 survivors (9216K)
 Metaspace       used 35253K, committed 36288K, reserved 393216K
  class space    used 4943K, committed 5440K, reserved 327680K
}
Event: 3.610 GC heap before
{Heap before GC invocations=7 (full 0):
 garbage-first heap   total 262144K, used 35222K [0x00000000e0000000, 0x0000000100000000)
  region size 1024K, 13 young (13312K), 9 survivors (9216K)
 Metaspace       used 35581K, committed 36608K, reserved 393216K
  class space    used 4985K, committed 5504K, reserved 327680K
}
Event: 3.615 GC heap after
{Heap after GC invocations=8 (full 0):
 garbage-first heap   total 262144K, used 32378K [0x00000000e0000000, 0x0000000100000000)
  region size 1024K, 9 young (9216K), 9 survivors (9216K)
 Metaspace       used 35581K, committed 36608K, reserved 393216K
  class space    used 4985K, committed 5504K, reserved 327680K
}
Event: 5.193 GC heap before
{Heap before GC invocations=9 (full 0):
 garbage-first heap   total 262144K, used 181882K [0x00000000e0000000, 0x0000000100000000)
  region size 1024K, 153 young (156672K), 9 survivors (9216K)
 Metaspace       used 51954K, committed 53696K, reserved 393216K
  class space    used 7528K, committed 8384K, reserved 327680K
}
Event: 5.208 GC heap after
{Heap after GC invocations=10 (full 0):
 garbage-first heap   total 262144K, used 40532K [0x00000000e0000000, 0x0000000100000000)
  region size 1024K, 17 young (17408K), 17 survivors (17408K)
 Metaspace       used 51954K, committed 53696K, reserved 393216K
  class space    used 7528K, committed 8384K, reserved 327680K
}
Event: 6.097 GC heap before
{Heap before GC invocations=10 (full 0):
 garbage-first heap   total 262144K, used 160340K [0x00000000e0000000, 0x0000000100000000)
  region size 1024K, 135 young (138240K), 17 survivors (17408K)
 Metaspace       used 59062K, committed 61120K, reserved 393216K
  class space    used 8635K, committed 9664K, reserved 327680K
}
Event: 6.113 GC heap after
{Heap after GC invocations=11 (full 0):
 garbage-first heap   total 262144K, used 50578K [0x00000000e0000000, 0x0000000100000000)
  region size 1024K, 19 young (19456K), 19 survivors (19456K)
 Metaspace       used 59062K, committed 61120K, reserved 393216K
  class space    used 8635K, committed 9664K, reserved 327680K
}
Event: 7.772 GC heap before
{Heap before GC invocations=12 (full 0):
 garbage-first heap   total 262144K, used 187794K [0x00000000e0000000, 0x0000000100000000)
  region size 1024K, 153 young (156672K), 19 survivors (19456K)
 Metaspace       used 63675K, committed 65856K, reserved 393216K
  class space    used 9128K, committed 10176K, reserved 327680K
}
Event: 7.788 GC heap after
{Heap after GC invocations=13 (full 0):
 garbage-first heap   total 262144K, used 56402K [0x00000000e0000000, 0x0000000100000000)
  region size 1024K, 16 young (16384K), 16 survivors (16384K)
 Metaspace       used 63675K, committed 65856K, reserved 393216K
  class space    used 9128K, committed 10176K, reserved 327680K
}
Event: 8.871 GC heap before
{Heap before GC invocations=13 (full 0):
 garbage-first heap   total 262144K, used 197714K [0x00000000e0000000, 0x0000000100000000)
  region size 1024K, 153 young (156672K), 16 survivors (16384K)
 Metaspace       used 73074K, committed 75328K, reserved 393216K
  class space    used 10384K, committed 11520K, reserved 327680K
}
Event: 8.900 GC heap after
{Heap after GC invocations=14 (full 0):
 garbage-first heap   total 262144K, used 82216K [0x00000000e0000000, 0x0000000100000000)
  region size 1024K, 20 young (20480K), 20 survivors (20480K)
 Metaspace       used 73074K, committed 75328K, reserved 393216K
  class space    used 10384K, committed 11520K, reserved 327680K
}

