# JRE version: OpenJDK Runtime Environment Microsoft-12574459 (21.0.9+10) (build 21.0.9+10-LTS)
# Java VM: OpenJDK 64-Bit Server VM Microsoft-12574459 (21.0.9+10-LTS, mixed mode, sharing, tiered, compressed oops, compressed class ptrs, g1 gc, windows-amd64)
GC Precious Log:
 CardTable entry size: 512
 Card Set container configuration: InlinePtr #cards 5 size 8 Array Of Cards #cards 12 size 40 Howl #buckets 4 coarsen threshold 1843 Howl Bitmap #cards 512 size 80 coarsen threshold 460 Card regions per heap region 1 cards per card region 2048
 CPUs: 12 total, 12 available
 Memory: 7913M
 Large Page Support: Disabled
 NUMA Support: Disabled
 Compressed Oops: Enabled (32-bit)
 Heap Region Size: 1M
 Heap Min Capacity: 256M
 Heap Initial Capacity: 256M
 Heap Max Capacity: 512M
 Pre-touch: Disabled
 Parallel Workers: 10
 Concurrent Workers: 3
 Concurrent Refinement Workers: 10
 Periodic GC: Disabled
Heap:
 garbage-first heap   total 262144K, used 168410K [0x00000000e0000000, 0x0000000100000000)
  region size 1024K, 103 young (105472K), 10 survivors (10240K)
 Metaspace       used 89564K, committed 91840K, reserved 458752K
  class space    used 11351K, committed 12416K, reserved 327680K
GC Heap History (20 events):
Event: 6596.884 GC heap before
{Heap before GC invocations=199 (full 0):
 garbage-first heap   total 262144K, used 230114K [0x00000000e0000000, 0x0000000100000000)
  region size 1024K, 153 young (156672K), 6 survivors (6144K)
 Metaspace       used 89826K, committed 91904K, reserved 458752K
  class space    used 11380K, committed 12416K, reserved 327680K
}
Event: 6596.894 GC heap after
{Heap after GC invocations=200 (full 0):
 garbage-first heap   total 262144K, used 83285K [0x00000000e0000000, 0x0000000100000000)
  region size 1024K, 9 young (9216K), 9 survivors (9216K)
 Metaspace       used 89826K, committed 91904K, reserved 458752K
  class space    used 11380K, committed 12416K, reserved 327680K
}
Event: 6625.420 GC heap before
{Heap before GC invocations=201 (full 0):
 garbage-first heap   total 262144K, used 225621K [0x00000000e0000000, 0x0000000100000000)
  region size 1024K, 153 young (156672K), 9 survivors (9216K)
 Metaspace       used 88015K, committed 91840K, reserved 458752K
  class space    used 11165K, committed 12416K, reserved 327680K
}
Event: 6625.424 GC heap after
{Heap after GC invocations=202 (full 0):
 garbage-first heap   total 262144K, used 71774K [0x00000000e0000000, 0x0000000100000000)
  region size 1024K, 2 young (2048K), 2 survivors (2048K)
 Metaspace       used 88015K, committed 91840K, reserved 458752K
  class space    used 11165K, committed 12416K, reserved 327680K
}
Event: 6641.068 GC heap before
{Heap before GC invocations=202 (full 0):
 garbage-first heap   total 262144K, used 226398K [0x00000000e0000000, 0x0000000100000000)
  region size 1024K, 153 young (156672K), 2 survivors (2048K)
 Metaspace       used 88015K, committed 91840K, reserved 458752K
  class space    used 11165K, committed 12416K, reserved 327680K
}
Event: 6641.073 GC heap after
{Heap after GC invocations=203 (full 0):
 garbage-first heap   total 262144K, used 72784K [0x00000000e0000000, 0x0000000100000000)
  region size 1024K, 6 young (6144K), 6 survivors (6144K)
 Metaspace       used 88015K, committed 91840K, reserved 458752K
  class space    used 11165K, committed 12416K, reserved 327680K
}
Event: 6642.606 GC heap before
{Heap before GC invocations=203 (full 0):
 garbage-first heap   total 262144K, used 223312K [0x00000000e0000000, 0x0000000100000000)
  region size 1024K, 153 young (156672K), 6 survivors (6144K)
 Metaspace       used 88018K, committed 91840K, reserved 458752K
  class space    used 11165K, committed 12416K, reserved 327680K
}
Event: 6642.618 GC heap after
{Heap after GC invocations=204 (full 0):
 garbage-first heap   total 262144K, used 77372K [0x00000000e0000000, 0x0000000100000000)
  region size 1024K, 11 young (11264K), 11 survivors (11264K)
 Metaspace       used 88018K, committed 91840K, reserved 458752K
  class space    used 11165K, committed 12416K, reserved 327680K
}
Event: 6675.808 GC heap before
{Heap before GC invocations=205 (full 0):
 garbage-first heap   total 262144K, used 222780K [0x00000000e0000000, 0x0000000100000000)
  region size 1024K, 153 young (156672K), 11 survivors (11264K)
 Metaspace       used 88013K, committed 91840K, reserved 458752K
  class space    used 11164K, committed 12416K, reserved 327680K
}
Event: 6675.813 GC heap after
{Heap after GC invocations=206 (full 0):
 garbage-first heap   total 262144K, used 72209K [0x00000000e0000000, 0x0000000100000000)
  region size 1024K, 6 young (6144K), 6 survivors (6144K)
 Metaspace       used 88013K, committed 91840K, reserved 458752K
  class space    used 11164K, committed 12416K, reserved 327680K
}
Event: 6721.509 GC heap before
{Heap before GC invocations=206 (full 0):
 garbage-first heap   total 262144K, used 222737K [0x00000000e0000000, 0x0000000100000000)
  region size 1024K, 153 young (156672K), 6 survivors (6144K)
 Metaspace       used 88014K, committed 91840K, reserved 458752K
  class space    used 11164K, committed 12416K, reserved 327680K
}
Event: 6721.518 GC heap after
{Heap after GC invocations=207 (full 0):
 garbage-first heap   total 262144K, used 73273K [0x00000000e0000000, 0x0000000100000000)
  region size 1024K, 9 young (9216K), 9 survivors (9216K)
 Metaspace       used 88014K, committed 91840K, reserved 458752K
  class space    used 11164K, committed 12416K, reserved 327680K
}
Event: 6851.260 GC heap before
{Heap before GC invocations=207 (full 0):
 garbage-first heap   total 262144K, used 219705K [0x00000000e0000000, 0x0000000100000000)
  region size 1024K, 153 young (156672K), 9 survivors (9216K)
 Metaspace       used 88014K, committed 91840K, reserved 458752K
  class space    used 11164K, committed 12416K, reserved 327680K
}
Event: 6851.264 GC heap after
{Heap after GC invocations=208 (full 0):
 garbage-first heap   total 262144K, used 66449K [0x00000000e0000000, 0x0000000100000000)
  region size 1024K, 2 young (2048K), 2 survivors (2048K)
 Metaspace       used 88014K, committed 91840K, reserved 458752K
  class space    used 11164K, committed 12416K, reserved 327680K
}
Event: 6877.423 GC heap before
{Heap before GC invocations=209 (full 0):
 garbage-first heap   total 262144K, used 220049K [0x00000000e0000000, 0x0000000100000000)
  region size 1024K, 153 young (156672K), 2 survivors (2048K)
 Metaspace       used 88016K, committed 91840K, reserved 458752K
  class space    used 11165K, committed 12416K, reserved 327680K
}
Event: 6877.437 GC heap after
{Heap after GC invocations=210 (full 0):
 garbage-first heap   total 262144K, used 70913K [0x00000000e0000000, 0x0000000100000000)
  region size 1024K, 6 young (6144K), 6 survivors (6144K)
 Metaspace       used 88016K, committed 91840K, reserved 458752K
  class space    used 11165K, committed 12416K, reserved 327680K
}
Event: 6886.992 GC heap before
{Heap before GC invocations=210 (full 0):
 garbage-first heap   total 262144K, used 221441K [0x00000000e0000000, 0x0000000100000000)
  region size 1024K, 153 young (156672K), 6 survivors (6144K)
 Metaspace       used 88018K, committed 91840K, reserved 458752K
  class space    used 11165K, committed 12416K, reserved 327680K
}
Event: 6887.004 GC heap after
{Heap after GC invocations=211 (full 0):
 garbage-first heap   total 262144K, used 73737K [0x00000000e0000000, 0x0000000100000000)
  region size 1024K, 11 young (11264K), 11 survivors (11264K)
 Metaspace       used 88018K, committed 91840K, reserved 458752K
  class space    used 11165K, committed 12416K, reserved 327680K
}
Event: 6900.344 GC heap before
{Heap before GC invocations=211 (full 0):
 garbage-first heap   total 262144K, used 201737K [0x00000000e0000000, 0x0000000100000000)
  region size 1024K, 138 young (141312K), 11 survivors (11264K)
 Metaspace       used 88027K, committed 91840K, reserved 458752K
  class space    used 11167K, committed 12416K, reserved 327680K
}
Event: 6900.354 GC heap after
{Heap after GC invocations=212 (full 0):
 garbage-first heap   total 262144K, used 73178K [0x00000000e0000000, 0x0000000100000000)
  region size 1024K, 10 young (10240K), 10 survivors (10240K)
 Metaspace       used 88027K, committed 91840K, reserved 458752K
  class space    used 11167K, committed 12416K, reserved 327680K
}

