# JRE version: OpenJDK Runtime Environment Microsoft-12574459 (21.0.9+10) (build 21.0.9+10-LTS)
# Java VM: OpenJDK 64-Bit Server VM Microsoft-12574459 (21.0.9+10-LTS, mixed mode, sharing, tiered, compressed oops, compressed class ptrs, g1 gc, windows-amd64)
GC Precious Log:
 CardTable entry size: 512
 Card Set container configuration: InlinePtr #cards 5 size 8 Array Of Cards #cards 12 size 40 Howl #buckets 4 coarsen threshold 1843 Howl Bitmap #cards 512 size 80 coarsen threshold 460 Card regions per heap region 1 cards per card region 2048
 CPUs: 12 total, 12 available
 Memory: 7913M
 Large Page Support: Disabled
 NUMA Support: Disabled
 Compressed Oops: Enabled (32-bit)
 Heap Region Size: 1M
 Heap Min Capacity: 256M
 Heap Initial Capacity: 256M
 Heap Max Capacity: 512M
 Pre-touch: Disabled
 Parallel Workers: 10
 Concurrent Workers: 3
 Concurrent Refinement Workers: 10
 Periodic GC: Disabled
Heap:
 garbage-first heap   total 262144K, used 78758K [0x00000000e0000000, 0x0000000100000000)
  region size 1024K, 55 young (56320K), 17 survivors (17408K)
 Metaspace       used 54288K, committed 56064K, reserved 393216K
  class space    used 7850K, committed 8704K, reserved 327680K
GC Heap History (16 events):
Event: 0.220 GC heap before
{Heap before GC invocations=0 (full 0):
 garbage-first heap   total 262144K, used 23552K [0x00000000e0000000, 0x0000000100000000)
  region size 1024K, 23 young (23552K), 0 survivors (0K)
 Metaspace       used 897K, committed 1024K, reserved 393216K
  class space    used 72K, committed 128K, reserved 327680K
}
Event: 0.223 GC heap after
{Heap after GC invocations=1 (full 0):
 garbage-first heap   total 262144K, used 1663K [0x00000000e0000000, 0x0000000100000000)
  region size 1024K, 2 young (2048K), 2 survivors (2048K)
 Metaspace       used 897K, committed 1024K, reserved 393216K
  class space    used 72K, committed 128K, reserved 327680K
}
Event: 0.566 GC heap before
{Heap before GC invocations=1 (full 0):
 garbage-first heap   total 262144K, used 40575K [0x00000000e0000000, 0x0000000100000000)
  region size 1024K, 38 young (38912K), 2 survivors (2048K)
 Metaspace       used 4389K, committed 4544K, reserved 393216K
  class space    used 557K, committed 640K, reserved 327680K
}
Event: 0.569 GC heap after
{Heap after GC invocations=2 (full 0):
 garbage-first heap   total 262144K, used 10682K [0x00000000e0000000, 0x0000000100000000)
  region size 1024K, 5 young (5120K), 5 survivors (5120K)
 Metaspace       used 4389K, committed 4544K, reserved 393216K
  class space    used 557K, committed 640K, reserved 327680K
}
Event: 1.036 GC heap before
{Heap before GC invocations=2 (full 0):
 garbage-first heap   total 262144K, used 70074K [0x00000000e0000000, 0x0000000100000000)
  region size 1024K, 61 young (62464K), 5 survivors (5120K)
 Metaspace       used 7021K, committed 7232K, reserved 393216K
  class space    used 938K, committed 1024K, reserved 327680K
}
Event: 1.042 GC heap after
{Heap after GC invocations=3 (full 0):
 garbage-first heap   total 262144K, used 18243K [0x00000000e0000000, 0x0000000100000000)
  region size 1024K, 6 young (6144K), 6 survivors (6144K)
 Metaspace       used 7021K, committed 7232K, reserved 393216K
  class space    used 938K, committed 1024K, reserved 327680K
}
Event: 2.069 GC heap before
{Heap before GC invocations=3 (full 0):
 garbage-first heap   total 262144K, used 102211K [0x00000000e0000000, 0x0000000100000000)
  region size 1024K, 89 young (91136K), 6 survivors (6144K)
 Metaspace       used 20881K, committed 21504K, reserved 393216K
  class space    used 3077K, committed 3392K, reserved 327680K
}
Event: 2.080 GC heap after
{Heap after GC invocations=4 (full 0):
 garbage-first heap   total 262144K, used 24086K [0x00000000e0000000, 0x0000000100000000)
  region size 1024K, 12 young (12288K), 12 survivors (12288K)
 Metaspace       used 20881K, committed 21504K, reserved 393216K
  class space    used 3077K, committed 3392K, reserved 327680K
}
Event: 3.101 GC heap before
{Heap before GC invocations=5 (full 0):
 garbage-first heap   total 262144K, used 133654K [0x00000000e0000000, 0x0000000100000000)
  region size 1024K, 116 young (118784K), 12 survivors (12288K)
 Metaspace       used 34944K, committed 35968K, reserved 393216K
  class space    used 4916K, committed 5440K, reserved 327680K
}
Event: 3.115 GC heap after
{Heap after GC invocations=6 (full 0):
 garbage-first heap   total 262144K, used 32757K [0x00000000e0000000, 0x0000000100000000)
  region size 1024K, 15 young (15360K), 15 survivors (15360K)
 Metaspace       used 34944K, committed 35968K, reserved 393216K
  class space    used 4916K, committed 5440K, reserved 327680K
}
Event: 3.138 GC heap before
{Heap before GC invocations=6 (full 0):
 garbage-first heap   total 262144K, used 33781K [0x00000000e0000000, 0x0000000100000000)
  region size 1024K, 17 young (17408K), 15 survivors (15360K)
 Metaspace       used 35258K, committed 36288K, reserved 393216K
  class space    used 4947K, committed 5440K, reserved 327680K
}
Event: 3.146 GC heap after
{Heap after GC invocations=7 (full 0):
 garbage-first heap   total 262144K, used 32874K [0x00000000e0000000, 0x0000000100000000)
  region size 1024K, 9 young (9216K), 9 survivors (9216K)
 Metaspace       used 35258K, committed 36288K, reserved 393216K
  class space    used 4947K, committed 5440K, reserved 327680K
}
Event: 3.186 GC heap before
{Heap before GC invocations=7 (full 0):
 garbage-first heap   total 262144K, used 35946K [0x00000000e0000000, 0x0000000100000000)
  region size 1024K, 13 young (13312K), 9 survivors (9216K)
 Metaspace       used 35578K, committed 36608K, reserved 393216K
  class space    used 4989K, committed 5504K, reserved 327680K
}
Event: 3.192 GC heap after
{Heap after GC invocations=8 (full 0):
 garbage-first heap   total 262144K, used 32724K [0x00000000e0000000, 0x0000000100000000)
  region size 1024K, 9 young (9216K), 9 survivors (9216K)
 Metaspace       used 35578K, committed 36608K, reserved 393216K
  class space    used 4989K, committed 5504K, reserved 327680K
}
Event: 4.543 GC heap before
{Heap before GC invocations=9 (full 0):
 garbage-first heap   total 262144K, used 181204K [0x00000000e0000000, 0x0000000100000000)
  region size 1024K, 153 young (156672K), 9 survivors (9216K)
 Metaspace       used 52010K, committed 53760K, reserved 393216K
  class space    used 7546K, committed 8448K, reserved 327680K
}
Event: 4.554 GC heap after
{Heap after GC invocations=10 (full 0):
 garbage-first heap   total 262144K, used 40870K [0x00000000e0000000, 0x0000000100000000)
  region size 1024K, 17 young (17408K), 17 survivors (17408K)
 Metaspace       used 52010K, committed 53760K, reserved 393216K
  class space    used 7546K, committed 8448K, reserved 327680K
}

