# JRE version: OpenJDK Runtime Environment Microsoft-12574459 (21.0.9+10) (build 21.0.9+10-LTS)
# Java VM: OpenJDK 64-Bit Server VM Microsoft-12574459 (21.0.9+10-LTS, mixed mode, sharing, tiered, compressed oops, compressed class ptrs, g1 gc, windows-amd64)
GC Precious Log:
 CardTable entry size: 512
 Card Set container configuration: InlinePtr #cards 5 size 8 Array Of Cards #cards 12 size 40 Howl #buckets 4 coarsen threshold 1843 Howl Bitmap #cards 512 size 80 coarsen threshold 460 Card regions per heap region 1 cards per card region 2048
 CPUs: 12 total, 12 available
 Memory: 7913M
 Large Page Support: Disabled
 NUMA Support: Disabled
 Compressed Oops: Enabled (32-bit)
 Heap Region Size: 1M
 Heap Min Capacity: 256M
 Heap Initial Capacity: 256M
 Heap Max Capacity: 512M
 Pre-touch: Disabled
 Parallel Workers: 10
 Concurrent Workers: 3
 Concurrent Refinement Workers: 10
 Periodic GC: Disabled
Heap:
 garbage-first heap   total 262144K, used 198498K [0x00000000e0000000, 0x0000000100000000)
  region size 1024K, 123 young (125952K), 17 survivors (17408K)
 Metaspace       used 84406K, committed 86144K, reserved 458752K
  class space    used 11019K, committed 11904K, reserved 327680K
GC Heap History (20 events):
Event: 2651.417 GC heap before
{Heap before GC invocations=82 (full 0):
 garbage-first heap   total 262144K, used 202780K [0x00000000e0000000, 0x0000000100000000)
  region size 1024K, 153 young (156672K), 11 survivors (11264K)
 Metaspace       used 68940K, committed 71232K, reserved 393216K
  class space    used 9049K, committed 10560K, reserved 327680K
}
Event: 2651.423 GC heap after
{Heap after GC invocations=83 (full 0):
 garbage-first heap   total 262144K, used 51179K [0x00000000e0000000, 0x0000000100000000)
  region size 1024K, 5 young (5120K), 5 survivors (5120K)
 Metaspace       used 68940K, committed 71232K, reserved 393216K
  class space    used 9049K, committed 10560K, reserved 327680K
}
Event: 2665.292 GC heap before
{Heap before GC invocations=83 (full 0):
 garbage-first heap   total 262144K, used 201707K [0x00000000e0000000, 0x0000000100000000)
  region size 1024K, 153 young (156672K), 5 survivors (5120K)
 Metaspace       used 68941K, committed 71232K, reserved 393216K
  class space    used 9049K, committed 10560K, reserved 327680K
}
Event: 2665.305 GC heap after
{Heap after GC invocations=84 (full 0):
 garbage-first heap   total 262144K, used 52797K [0x00000000e0000000, 0x0000000100000000)
  region size 1024K, 7 young (7168K), 7 survivors (7168K)
 Metaspace       used 68941K, committed 71232K, reserved 393216K
  class space    used 9049K, committed 10560K, reserved 327680K
}
Event: 2691.047 GC heap before
{Heap before GC invocations=84 (full 0):
 garbage-first heap   total 262144K, used 202301K [0x00000000e0000000, 0x0000000100000000)
  region size 1024K, 153 young (156672K), 7 survivors (7168K)
 Metaspace       used 68942K, committed 71232K, reserved 393216K
  class space    used 9049K, committed 10560K, reserved 327680K
}
Event: 2691.059 GC heap after
{Heap after GC invocations=85 (full 0):
 garbage-first heap   total 262144K, used 57132K [0x00000000e0000000, 0x0000000100000000)
  region size 1024K, 11 young (11264K), 11 survivors (11264K)
 Metaspace       used 68942K, committed 71232K, reserved 393216K
  class space    used 9049K, committed 10560K, reserved 327680K
}
Event: 2730.748 GC heap before
{Heap before GC invocations=86 (full 0):
 garbage-first heap   total 262144K, used 202540K [0x00000000e0000000, 0x0000000100000000)
  region size 1024K, 153 young (156672K), 11 survivors (11264K)
 Metaspace       used 68962K, committed 71232K, reserved 393216K
  class space    used 9049K, committed 10560K, reserved 327680K
}
Event: 2730.752 GC heap after
{Heap after GC invocations=87 (full 0):
 garbage-first heap   total 262144K, used 50283K [0x00000000e0000000, 0x0000000100000000)
  region size 1024K, 4 young (4096K), 4 survivors (4096K)
 Metaspace       used 68962K, committed 71232K, reserved 393216K
  class space    used 9049K, committed 10560K, reserved 327680K
}
Event: 2752.417 GC heap before
{Heap before GC invocations=87 (full 0):
 garbage-first heap   total 262144K, used 202859K [0x00000000e0000000, 0x0000000100000000)
  region size 1024K, 153 young (156672K), 4 survivors (4096K)
 Metaspace       used 69044K, committed 71232K, reserved 393216K
  class space    used 9050K, committed 10560K, reserved 327680K
}
Event: 2752.425 GC heap after
{Heap after GC invocations=88 (full 0):
 garbage-first heap   total 262144K, used 52267K [0x00000000e0000000, 0x0000000100000000)
  region size 1024K, 7 young (7168K), 7 survivors (7168K)
 Metaspace       used 69044K, committed 71232K, reserved 393216K
  class space    used 9050K, committed 10560K, reserved 327680K
}
Event: 6981.041 GC heap before
{Heap before GC invocations=88 (full 0):
 garbage-first heap   total 262144K, used 200747K [0x00000000e0000000, 0x0000000100000000)
  region size 1024K, 153 young (156672K), 7 survivors (7168K)
 Metaspace       used 69069K, committed 71232K, reserved 393216K
  class space    used 9055K, committed 10560K, reserved 327680K
}
Event: 6981.075 GC heap after
{Heap after GC invocations=89 (full 0):
 garbage-first heap   total 262144K, used 47211K [0x00000000e0000000, 0x0000000100000000)
  region size 1024K, 2 young (2048K), 2 survivors (2048K)
 Metaspace       used 69069K, committed 71232K, reserved 393216K
  class space    used 9055K, committed 10560K, reserved 327680K
}
Event: 8310.320 GC heap before
{Heap before GC invocations=90 (full 0):
 garbage-first heap   total 262144K, used 200811K [0x00000000e0000000, 0x0000000100000000)
  region size 1024K, 153 young (156672K), 2 survivors (2048K)
 Metaspace       used 69496K, committed 71680K, reserved 393216K
  class space    used 9157K, committed 10560K, reserved 327680K
}
Event: 8310.340 GC heap after
{Heap after GC invocations=91 (full 0):
 garbage-first heap   total 262144K, used 58262K [0x00000000e0000000, 0x0000000100000000)
  region size 1024K, 12 young (12288K), 12 survivors (12288K)
 Metaspace       used 69496K, committed 71680K, reserved 393216K
  class space    used 9157K, committed 10560K, reserved 327680K
}
Event: 8311.579 GC heap before
{Heap before GC invocations=91 (full 0):
 garbage-first heap   total 262144K, used 202646K [0x00000000e0000000, 0x0000000100000000)
  region size 1024K, 153 young (156672K), 12 survivors (12288K)
 Metaspace       used 72298K, committed 74112K, reserved 393216K
  class space    used 9571K, committed 10560K, reserved 327680K
}
Event: 8311.621 GC heap after
{Heap after GC invocations=92 (full 0):
 garbage-first heap   total 262144K, used 71611K [0x00000000e0000000, 0x0000000100000000)
  region size 1024K, 16 young (16384K), 16 survivors (16384K)
 Metaspace       used 72298K, committed 74112K, reserved 393216K
  class space    used 9571K, committed 10560K, reserved 327680K
}
Event: 8311.905 GC heap before
{Heap before GC invocations=92 (full 0):
 garbage-first heap   total 262144K, used 80827K [0x00000000e0000000, 0x0000000100000000)
  region size 1024K, 27 young (27648K), 16 survivors (16384K)
 Metaspace       used 77456K, committed 79104K, reserved 458752K
  class space    used 10187K, committed 11008K, reserved 327680K
}
Event: 8311.917 GC heap after
{Heap after GC invocations=93 (full 0):
 garbage-first heap   total 262144K, used 75742K [0x00000000e0000000, 0x0000000100000000)
  region size 1024K, 4 young (4096K), 4 survivors (4096K)
 Metaspace       used 77456K, committed 79104K, reserved 458752K
  class space    used 10187K, committed 11008K, reserved 327680K
}
Event: 8313.025 GC heap before
{Heap before GC invocations=94 (full 0):
 garbage-first heap   total 262144K, used 209886K [0x00000000e0000000, 0x0000000100000000)
  region size 1024K, 135 young (138240K), 4 survivors (4096K)
 Metaspace       used 80250K, committed 81664K, reserved 458752K
  class space    used 10439K, committed 11136K, reserved 327680K
}
Event: 8313.036 GC heap after
{Heap after GC invocations=95 (full 0):
 garbage-first heap   total 262144K, used 90978K [0x00000000e0000000, 0x0000000100000000)
  region size 1024K, 17 young (17408K), 17 survivors (17408K)
 Metaspace       used 80250K, committed 81664K, reserved 458752K
  class space    used 10439K, committed 11136K, reserved 327680K
}

