# JRE version: OpenJDK Runtime Environment Microsoft-12574459 (21.0.9+10) (build 21.0.9+10-LTS)
# Java VM: OpenJDK 64-Bit Server VM Microsoft-12574459 (21.0.9+10-LTS, mixed mode, sharing, tiered, compressed oops, compressed class ptrs, g1 gc, windows-amd64)
GC Precious Log:
 CardTable entry size: 512
 Card Set container configuration: InlinePtr #cards 5 size 8 Array Of Cards #cards 12 size 40 Howl #buckets 4 coarsen threshold 1843 Howl Bitmap #cards 512 size 80 coarsen threshold 460 Card regions per heap region 1 cards per card region 2048
 CPUs: 12 total, 12 available
 Memory: 7913M
 Large Page Support: Disabled
 NUMA Support: Disabled
 Compressed Oops: Enabled (32-bit)
 Heap Region Size: 1M
 Heap Min Capacity: 256M
 Heap Initial Capacity: 256M
 Heap Max Capacity: 512M
 Pre-touch: Disabled
 Parallel Workers: 10
 Concurrent Workers: 3
 Concurrent Refinement Workers: 10
 Periodic GC: Disabled
Heap:
 garbage-first heap   total 262144K, used 174313K [0x00000000e0000000, 0x0000000100000000)
  region size 1024K, 90 young (92160K), 10 survivors (10240K)
 Metaspace       used 95641K, committed 97344K, reserved 458752K
  class space    used 12362K, committed 13312K, reserved 327680K
GC Heap History (20 events):
Event: 2187.178 GC heap before
{Heap before GC invocations=71 (full 0):
 garbage-first heap   total 262144K, used 226070K [0x00000000e0000000, 0x0000000100000000)
  region size 1024K, 153 young (156672K), 8 survivors (8192K)
 Metaspace       used 92331K, committed 94464K, reserved 458752K
  class space    used 11887K, committed 13312K, reserved 327680K
}
Event: 2187.201 GC heap after
{Heap after GC invocations=72 (full 0):
 garbage-first heap   total 262144K, used 93866K [0x00000000e0000000, 0x0000000100000000)
  region size 1024K, 20 young (20480K), 20 survivors (20480K)
 Metaspace       used 92331K, committed 94464K, reserved 458752K
  class space    used 11887K, committed 13312K, reserved 327680K
}
Event: 2202.193 GC heap before
{Heap before GC invocations=72 (full 0):
 garbage-first heap   total 262144K, used 225962K [0x00000000e0000000, 0x0000000100000000)
  region size 1024K, 149 young (152576K), 20 survivors (20480K)
 Metaspace       used 93529K, committed 95552K, reserved 458752K
  class space    used 12016K, committed 13312K, reserved 327680K
}
Event: 2202.220 GC heap after
{Heap after GC invocations=73 (full 0):
 garbage-first heap   total 262144K, used 93724K [0x00000000e0000000, 0x0000000100000000)
  region size 1024K, 11 young (11264K), 11 survivors (11264K)
 Metaspace       used 93529K, committed 95552K, reserved 458752K
  class space    used 12016K, committed 13312K, reserved 327680K
}
Event: 2202.371 GC heap before
{Heap before GC invocations=73 (full 0):
 garbage-first heap   total 262144K, used 137756K [0x00000000e0000000, 0x0000000100000000)
  region size 1024K, 55 young (56320K), 11 survivors (11264K)
 Metaspace       used 93548K, committed 95616K, reserved 458752K
  class space    used 12016K, committed 13312K, reserved 327680K
}
Event: 2202.378 GC heap after
{Heap after GC invocations=74 (full 0):
 garbage-first heap   total 262144K, used 95145K [0x00000000e0000000, 0x0000000100000000)
  region size 1024K, 5 young (5120K), 5 survivors (5120K)
 Metaspace       used 93548K, committed 95616K, reserved 458752K
  class space    used 12016K, committed 13312K, reserved 327680K
}
Event: 2214.619 GC heap before
{Heap before GC invocations=75 (full 0):
 garbage-first heap   total 262144K, used 232361K [0x00000000e0000000, 0x0000000100000000)
  region size 1024K, 138 young (141312K), 5 survivors (5120K)
 Metaspace       used 93725K, committed 95744K, reserved 458752K
  class space    used 12019K, committed 13312K, reserved 327680K
}
Event: 2214.624 GC heap after
{Heap after GC invocations=76 (full 0):
 garbage-first heap   total 262144K, used 99584K [0x00000000e0000000, 0x0000000100000000)
  region size 1024K, 8 young (8192K), 8 survivors (8192K)
 Metaspace       used 93725K, committed 95744K, reserved 458752K
  class space    used 12019K, committed 13312K, reserved 327680K
}
Event: 2215.062 GC heap before
{Heap before GC invocations=76 (full 0):
 garbage-first heap   total 262144K, used 233728K [0x00000000e0000000, 0x0000000100000000)
  region size 1024K, 138 young (141312K), 8 survivors (8192K)
 Metaspace       used 93835K, committed 95872K, reserved 458752K
  class space    used 12026K, committed 13312K, reserved 327680K
}
Event: 2215.075 GC heap after
{Heap after GC invocations=77 (full 0):
 garbage-first heap   total 262144K, used 106583K [0x00000000e0000000, 0x0000000100000000)
  region size 1024K, 18 young (18432K), 18 survivors (18432K)
 Metaspace       used 93835K, committed 95872K, reserved 458752K
  class space    used 12026K, committed 13312K, reserved 327680K
}
Event: 2392.463 GC heap before
{Heap before GC invocations=77 (full 0):
 garbage-first heap   total 262144K, used 228439K [0x00000000e0000000, 0x0000000100000000)
  region size 1024K, 138 young (141312K), 18 survivors (18432K)
 Metaspace       used 95588K, committed 97472K, reserved 458752K
  class space    used 12225K, committed 13312K, reserved 327680K
}
Event: 2392.469 GC heap after
{Heap after GC invocations=78 (full 0):
 garbage-first heap   total 262144K, used 98472K [0x00000000e0000000, 0x0000000100000000)
  region size 1024K, 7 young (7168K), 7 survivors (7168K)
 Metaspace       used 95588K, committed 97472K, reserved 458752K
  class space    used 12225K, committed 13312K, reserved 327680K
}
Event: 2392.886 GC heap before
{Heap before GC invocations=79 (full 0):
 garbage-first heap   total 262144K, used 227496K [0x00000000e0000000, 0x0000000100000000)
  region size 1024K, 135 young (138240K), 7 survivors (7168K)
 Metaspace       used 94083K, committed 96256K, reserved 458752K
  class space    used 12038K, committed 13312K, reserved 327680K
}
Event: 2392.898 GC heap after
{Heap after GC invocations=80 (full 0):
 garbage-first heap   total 262144K, used 107625K [0x00000000e0000000, 0x0000000100000000)
  region size 1024K, 17 young (17408K), 17 survivors (17408K)
 Metaspace       used 94083K, committed 96256K, reserved 458752K
  class space    used 12038K, committed 13312K, reserved 327680K
}
Event: 2402.232 GC heap before
{Heap before GC invocations=80 (full 0):
 garbage-first heap   total 262144K, used 228457K [0x00000000e0000000, 0x0000000100000000)
  region size 1024K, 136 young (139264K), 17 survivors (17408K)
 Metaspace       used 95504K, committed 97408K, reserved 458752K
  class space    used 12206K, committed 13312K, reserved 327680K
}
Event: 2402.240 GC heap after
{Heap after GC invocations=81 (full 0):
 garbage-first heap   total 262144K, used 96579K [0x00000000e0000000, 0x0000000100000000)
  region size 1024K, 8 young (8192K), 8 survivors (8192K)
 Metaspace       used 95504K, committed 97408K, reserved 458752K
  class space    used 12206K, committed 13312K, reserved 327680K
}
Event: 2452.859 GC heap before
{Heap before GC invocations=81 (full 0):
 garbage-first heap   total 262144K, used 228675K [0x00000000e0000000, 0x0000000100000000)
  region size 1024K, 138 young (141312K), 8 survivors (8192K)
 Metaspace       used 95535K, committed 97408K, reserved 458752K
  class space    used 12208K, committed 13312K, reserved 327680K
}
Event: 2452.866 GC heap after
{Heap after GC invocations=82 (full 0):
 garbage-first heap   total 262144K, used 97086K [0x00000000e0000000, 0x0000000100000000)
  region size 1024K, 9 young (9216K), 9 survivors (9216K)
 Metaspace       used 95535K, committed 97408K, reserved 458752K
  class space    used 12208K, committed 13312K, reserved 327680K
}
Event: 2476.748 GC heap before
{Heap before GC invocations=83 (full 0):
 garbage-first heap   total 262144K, used 226110K [0x00000000e0000000, 0x0000000100000000)
  region size 1024K, 139 young (142336K), 9 survivors (9216K)
 Metaspace       used 92320K, committed 95616K, reserved 458752K
  class space    used 11814K, committed 13312K, reserved 327680K
}
Event: 2476.758 GC heap after
{Heap after GC invocations=84 (full 0):
 garbage-first heap   total 262144K, used 94441K [0x00000000e0000000, 0x0000000100000000)
  region size 1024K, 10 young (10240K), 10 survivors (10240K)
 Metaspace       used 92320K, committed 95616K, reserved 458752K
  class space    used 11814K, committed 13312K, reserved 327680K
}

