# JRE version: OpenJDK Runtime Environment Microsoft-12574459 (21.0.9+10) (build 21.0.9+10-LTS)
# Java VM: OpenJDK 64-Bit Server VM Microsoft-12574459 (21.0.9+10-LTS, mixed mode, sharing, tiered, compressed oops, compressed class ptrs, g1 gc, windows-amd64)
GC Precious Log:
 CardTable entry size: 512
 Card Set container configuration: InlinePtr #cards 5 size 8 Array Of Cards #cards 12 size 40 Howl #buckets 4 coarsen threshold 1843 Howl Bitmap #cards 512 size 80 coarsen threshold 460 Card regions per heap region 1 cards per card region 2048
 CPUs: 12 total, 12 available
 Memory: 7913M
 Large Page Support: Disabled
 NUMA Support: Disabled
 Compressed Oops: Enabled (32-bit)
 Heap Region Size: 1M
 Heap Min Capacity: 256M
 Heap Initial Capacity: 256M
 Heap Max Capacity: 512M
 Pre-touch: Disabled
 Parallel Workers: 10
 Concurrent Workers: 3
 Concurrent Refinement Workers: 10
 Periodic GC: Disabled
Heap:
 garbage-first heap   total 262144K, used 83968K [0x00000000e0000000, 0x0000000100000000)
  region size 1024K, 27 young (27648K), 9 survivors (9216K)
 Metaspace       used 67662K, committed 69952K, reserved 393216K
  class space    used 9580K, committed 10752K, reserved 327680K
GC Heap History (20 events):
Event: 0.246 GC heap before
{Heap before GC invocations=0 (full 0):
 garbage-first heap   total 262144K, used 23552K [0x00000000e0000000, 0x0000000100000000)
  region size 1024K, 23 young (23552K), 0 survivors (0K)
 Metaspace       used 899K, committed 1024K, reserved 393216K
  class space    used 72K, committed 128K, reserved 327680K
}
Event: 0.247 GC heap after
{Heap after GC invocations=1 (full 0):
 garbage-first heap   total 262144K, used 1610K [0x00000000e0000000, 0x0000000100000000)
  region size 1024K, 2 young (2048K), 2 survivors (2048K)
 Metaspace       used 899K, committed 1024K, reserved 393216K
  class space    used 72K, committed 128K, reserved 327680K
}
Event: 0.572 GC heap before
{Heap before GC invocations=1 (full 0):
 garbage-first heap   total 262144K, used 40522K [0x00000000e0000000, 0x0000000100000000)
  region size 1024K, 38 young (38912K), 2 survivors (2048K)
 Metaspace       used 4395K, committed 4544K, reserved 393216K
  class space    used 557K, committed 640K, reserved 327680K
}
Event: 0.576 GC heap after
{Heap after GC invocations=2 (full 0):
 garbage-first heap   total 262144K, used 10680K [0x00000000e0000000, 0x0000000100000000)
  region size 1024K, 5 young (5120K), 5 survivors (5120K)
 Metaspace       used 4395K, committed 4544K, reserved 393216K
  class space    used 557K, committed 640K, reserved 327680K
}
Event: 1.053 GC heap before
{Heap before GC invocations=2 (full 0):
 garbage-first heap   total 262144K, used 70072K [0x00000000e0000000, 0x0000000100000000)
  region size 1024K, 61 young (62464K), 5 survivors (5120K)
 Metaspace       used 6964K, committed 7168K, reserved 393216K
  class space    used 935K, committed 1024K, reserved 327680K
}
Event: 1.059 GC heap after
{Heap after GC invocations=3 (full 0):
 garbage-first heap   total 262144K, used 17948K [0x00000000e0000000, 0x0000000100000000)
  region size 1024K, 6 young (6144K), 6 survivors (6144K)
 Metaspace       used 6964K, committed 7168K, reserved 393216K
  class space    used 935K, committed 1024K, reserved 327680K
}
Event: 2.798 GC heap before
{Heap before GC invocations=3 (full 0):
 garbage-first heap   total 262144K, used 102940K [0x00000000e0000000, 0x0000000100000000)
  region size 1024K, 90 young (92160K), 6 survivors (6144K)
 Metaspace       used 20947K, committed 21504K, reserved 393216K
  class space    used 3077K, committed 3328K, reserved 327680K
}
Event: 2.811 GC heap after
{Heap after GC invocations=4 (full 0):
 garbage-first heap   total 262144K, used 24003K [0x00000000e0000000, 0x0000000100000000)
  region size 1024K, 12 young (12288K), 12 survivors (12288K)
 Metaspace       used 20947K, committed 21504K, reserved 393216K
  class space    used 3077K, committed 3328K, reserved 327680K
}
Event: 4.305 GC heap before
{Heap before GC invocations=5 (full 0):
 garbage-first heap   total 262144K, used 131523K [0x00000000e0000000, 0x0000000100000000)
  region size 1024K, 114 young (116736K), 12 survivors (12288K)
 Metaspace       used 34943K, committed 35968K, reserved 393216K
  class space    used 4909K, committed 5440K, reserved 327680K
}
Event: 4.322 GC heap after
{Heap after GC invocations=6 (full 0):
 garbage-first heap   total 262144K, used 32685K [0x00000000e0000000, 0x0000000100000000)
  region size 1024K, 15 young (15360K), 15 survivors (15360K)
 Metaspace       used 34943K, committed 35968K, reserved 393216K
  class space    used 4909K, committed 5440K, reserved 327680K
}
Event: 5.678 GC heap before
{Heap before GC invocations=7 (full 0):
 garbage-first heap   total 262144K, used 176045K [0x00000000e0000000, 0x0000000100000000)
  region size 1024K, 153 young (156672K), 15 survivors (15360K)
 Metaspace       used 51155K, committed 52928K, reserved 393216K
  class space    used 7399K, committed 8256K, reserved 327680K
}
Event: 5.693 GC heap after
{Heap after GC invocations=8 (full 0):
 garbage-first heap   total 262144K, used 39936K [0x00000000e0000000, 0x0000000100000000)
  region size 1024K, 16 young (16384K), 16 survivors (16384K)
 Metaspace       used 51155K, committed 52928K, reserved 393216K
  class space    used 7399K, committed 8256K, reserved 327680K
}
Event: 6.558 GC heap before
{Heap before GC invocations=8 (full 0):
 garbage-first heap   total 262144K, used 156672K [0x00000000e0000000, 0x0000000100000000)
  region size 1024K, 131 young (134144K), 16 survivors (16384K)
 Metaspace       used 58163K, committed 60096K, reserved 393216K
  class space    used 8473K, committed 9408K, reserved 327680K
}
Event: 6.575 GC heap after
{Heap after GC invocations=9 (full 0):
 garbage-first heap   total 262144K, used 50342K [0x00000000e0000000, 0x0000000100000000)
  region size 1024K, 19 young (19456K), 19 survivors (19456K)
 Metaspace       used 58163K, committed 60096K, reserved 393216K
  class space    used 8473K, committed 9408K, reserved 327680K
}
Event: 8.106 GC heap before
{Heap before GC invocations=10 (full 0):
 garbage-first heap   total 262144K, used 187558K [0x00000000e0000000, 0x0000000100000000)
  region size 1024K, 153 young (156672K), 19 survivors (19456K)
 Metaspace       used 62821K, committed 64960K, reserved 393216K
  class space    used 8973K, committed 10048K, reserved 327680K
}
Event: 8.124 GC heap after
{Heap after GC invocations=11 (full 0):
 garbage-first heap   total 262144K, used 60333K [0x00000000e0000000, 0x0000000100000000)
  region size 1024K, 20 young (20480K), 20 survivors (20480K)
 Metaspace       used 62821K, committed 64960K, reserved 393216K
  class space    used 8973K, committed 10048K, reserved 327680K
}
Event: 24.855 GC heap before
{Heap before GC invocations=11 (full 0):
 garbage-first heap   total 262144K, used 195501K [0x00000000e0000000, 0x0000000100000000)
  region size 1024K, 153 young (156672K), 20 survivors (20480K)
 Metaspace       used 66200K, committed 68352K, reserved 393216K
  class space    used 9448K, committed 10496K, reserved 327680K
}
Event: 24.872 GC heap after
{Heap after GC invocations=12 (full 0):
 garbage-first heap   total 262144K, used 67584K [0x00000000e0000000, 0x0000000100000000)
  region size 1024K, 17 young (17408K), 17 survivors (17408K)
 Metaspace       used 66200K, committed 68352K, reserved 393216K
  class space    used 9448K, committed 10496K, reserved 327680K
}
Event: 104.932 GC heap before
{Heap before GC invocations=12 (full 0):
 garbage-first heap   total 262144K, used 205824K [0x00000000e0000000, 0x0000000100000000)
  region size 1024K, 153 young (156672K), 17 survivors (17408K)
 Metaspace       used 67658K, committed 69952K, reserved 393216K
  class space    used 9580K, committed 10752K, reserved 327680K
}
Event: 104.946 GC heap after
{Heap after GC invocations=13 (full 0):
 garbage-first heap   total 262144K, used 67584K [0x00000000e0000000, 0x0000000100000000)
  region size 1024K, 9 young (9216K), 9 survivors (9216K)
 Metaspace       used 67658K, committed 69952K, reserved 393216K
  class space    used 9580K, committed 10752K, reserved 327680K
}

