# JRE version: OpenJDK Runtime Environment Microsoft-12574459 (21.0.9+10) (build 21.0.9+10-LTS)
# Java VM: OpenJDK 64-Bit Server VM Microsoft-12574459 (21.0.9+10-LTS, mixed mode, sharing, tiered, compressed oops, compressed class ptrs, g1 gc, windows-amd64)
GC Precious Log:
 CardTable entry size: 512
 Card Set container configuration: InlinePtr #cards 5 size 8 Array Of Cards #cards 12 size 40 Howl #buckets 4 coarsen threshold 1843 Howl Bitmap #cards 512 size 80 coarsen threshold 460 Card regions per heap region 1 cards per card region 2048
 CPUs: 12 total, 12 available
 Memory: 7913M
 Large Page Support: Disabled
 NUMA Support: Disabled
 Compressed Oops: Enabled (32-bit)
 Heap Region Size: 1M
 Heap Min Capacity: 256M
 Heap Initial Capacity: 256M
 Heap Max Capacity: 512M
 Pre-touch: Disabled
 Parallel Workers: 10
 Concurrent Workers: 3
 Concurrent Refinement Workers: 10
 Periodic GC: Disabled
Heap:
 garbage-first heap   total 262144K, used 146496K [0x00000000e0000000, 0x0000000100000000)
  region size 1024K, 70 young (71680K), 10 survivors (10240K)
 Metaspace       used 87868K, committed 89856K, reserved 458752K
  class space    used 11205K, committed 12288K, reserved 327680K
GC Heap History (20 events):
Event: 3821.648 GC heap before
{Heap before GC invocations=155 (full 0):
 garbage-first heap   total 262144K, used 215558K [0x00000000e0000000, 0x0000000100000000)
  region size 1024K, 153 young (156672K), 9 survivors (9216K)
 Metaspace       used 85625K, committed 88128K, reserved 458752K
  class space    used 10931K, committed 12288K, reserved 327680K
}
Event: 3821.666 GC heap after
{Heap after GC invocations=156 (full 0):
 garbage-first heap   total 262144K, used 70906K [0x00000000e0000000, 0x0000000100000000)
  region size 1024K, 11 young (11264K), 11 survivors (11264K)
 Metaspace       used 85625K, committed 88128K, reserved 458752K
  class space    used 10931K, committed 12288K, reserved 327680K
}
Event: 3821.729 GC heap before
{Heap before GC invocations=156 (full 0):
 garbage-first heap   total 262144K, used 73978K [0x00000000e0000000, 0x0000000100000000)
  region size 1024K, 15 young (15360K), 11 survivors (11264K)
 Metaspace       used 85628K, committed 88128K, reserved 458752K
  class space    used 10931K, committed 12288K, reserved 327680K
}
Event: 3821.735 GC heap after
{Heap after GC invocations=157 (full 0):
 garbage-first heap   total 262144K, used 70253K [0x00000000e0000000, 0x0000000100000000)
  region size 1024K, 10 young (10240K), 10 survivors (10240K)
 Metaspace       used 85628K, committed 88128K, reserved 458752K
  class space    used 10931K, committed 12288K, reserved 327680K
}
Event: 3829.491 GC heap before
{Heap before GC invocations=158 (full 0):
 garbage-first heap   total 262144K, used 206445K [0x00000000e0000000, 0x0000000100000000)
  region size 1024K, 142 young (145408K), 10 survivors (10240K)
 Metaspace       used 87143K, committed 89216K, reserved 458752K
  class space    used 11110K, committed 12288K, reserved 327680K
}
Event: 3829.498 GC heap after
{Heap after GC invocations=159 (full 0):
 garbage-first heap   total 262144K, used 70750K [0x00000000e0000000, 0x0000000100000000)
  region size 1024K, 9 young (9216K), 9 survivors (9216K)
 Metaspace       used 87143K, committed 89216K, reserved 458752K
  class space    used 11110K, committed 12288K, reserved 327680K
}
Event: 3835.611 GC heap before
{Heap before GC invocations=159 (full 0):
 garbage-first heap   total 262144K, used 212062K [0x00000000e0000000, 0x0000000100000000)
  region size 1024K, 147 young (150528K), 9 survivors (9216K)
 Metaspace       used 87156K, committed 89216K, reserved 458752K
  class space    used 11110K, committed 12288K, reserved 327680K
}
Event: 3835.620 GC heap after
{Heap after GC invocations=160 (full 0):
 garbage-first heap   total 262144K, used 70308K [0x00000000e0000000, 0x0000000100000000)
  region size 1024K, 10 young (10240K), 10 survivors (10240K)
 Metaspace       used 87156K, committed 89216K, reserved 458752K
  class space    used 11110K, committed 12288K, reserved 327680K
}
Event: 3907.569 GC heap before
{Heap before GC invocations=160 (full 0):
 garbage-first heap   total 262144K, used 215716K [0x00000000e0000000, 0x0000000100000000)
  region size 1024K, 153 young (156672K), 10 survivors (10240K)
 Metaspace       used 87182K, committed 89216K, reserved 458752K
  class space    used 11111K, committed 12288K, reserved 327680K
}
Event: 3907.573 GC heap after
{Heap after GC invocations=161 (full 0):
 garbage-first heap   total 262144K, used 64836K [0x00000000e0000000, 0x0000000100000000)
  region size 1024K, 5 young (5120K), 5 survivors (5120K)
 Metaspace       used 87182K, committed 89216K, reserved 458752K
  class space    used 11111K, committed 12288K, reserved 327680K
}
Event: 3908.217 GC heap before
{Heap before GC invocations=162 (full 0):
 garbage-first heap   total 262144K, used 217412K [0x00000000e0000000, 0x0000000100000000)
  region size 1024K, 153 young (156672K), 5 survivors (5120K)
 Metaspace       used 87657K, committed 89664K, reserved 458752K
  class space    used 11151K, committed 12288K, reserved 327680K
}
Event: 3908.247 GC heap after
{Heap after GC invocations=163 (full 0):
 garbage-first heap   total 262144K, used 82605K [0x00000000e0000000, 0x0000000100000000)
  region size 1024K, 20 young (20480K), 20 survivors (20480K)
 Metaspace       used 87657K, committed 89664K, reserved 458752K
  class space    used 11151K, committed 12288K, reserved 327680K
}
Event: 3926.750 GC heap before
{Heap before GC invocations=163 (full 0):
 garbage-first heap   total 262144K, used 217773K [0x00000000e0000000, 0x0000000100000000)
  region size 1024K, 153 young (156672K), 20 survivors (20480K)
 Metaspace       used 88689K, committed 90560K, reserved 458752K
  class space    used 11294K, committed 12288K, reserved 327680K
}
Event: 3926.774 GC heap after
{Heap after GC invocations=164 (full 0):
 garbage-first heap   total 262144K, used 82126K [0x00000000e0000000, 0x0000000100000000)
  region size 1024K, 13 young (13312K), 13 survivors (13312K)
 Metaspace       used 88689K, committed 90560K, reserved 458752K
  class space    used 11294K, committed 12288K, reserved 327680K
}
Event: 3926.857 GC heap before
{Heap before GC invocations=164 (full 0):
 garbage-first heap   total 262144K, used 100558K [0x00000000e0000000, 0x0000000100000000)
  region size 1024K, 33 young (33792K), 13 survivors (13312K)
 Metaspace       used 88692K, committed 90560K, reserved 458752K
  class space    used 11294K, committed 12288K, reserved 327680K
}
Event: 3926.868 GC heap after
{Heap after GC invocations=165 (full 0):
 garbage-first heap   total 262144K, used 81364K [0x00000000e0000000, 0x0000000100000000)
  region size 1024K, 4 young (4096K), 4 survivors (4096K)
 Metaspace       used 88692K, committed 90560K, reserved 458752K
  class space    used 11294K, committed 12288K, reserved 327680K
}
Event: 3958.396 GC heap before
{Heap before GC invocations=166 (full 0):
 garbage-first heap   total 262144K, used 226772K [0x00000000e0000000, 0x0000000100000000)
  region size 1024K, 145 young (148480K), 4 survivors (4096K)
 Metaspace       used 86793K, committed 89792K, reserved 458752K
  class space    used 11006K, committed 12288K, reserved 327680K
}
Event: 3958.403 GC heap after
{Heap after GC invocations=167 (full 0):
 garbage-first heap   total 262144K, used 87706K [0x00000000e0000000, 0x0000000100000000)
  region size 1024K, 10 young (10240K), 10 survivors (10240K)
 Metaspace       used 86793K, committed 89792K, reserved 458752K
  class space    used 11006K, committed 12288K, reserved 327680K
}
Event: 3973.484 GC heap before
{Heap before GC invocations=167 (full 0):
 garbage-first heap   total 262144K, used 226970K [0x00000000e0000000, 0x0000000100000000)
  region size 1024K, 146 young (149504K), 10 survivors (10240K)
 Metaspace       used 86845K, committed 89792K, reserved 458752K
  class space    used 11015K, committed 12288K, reserved 327680K
}
Event: 3973.493 GC heap after
{Heap after GC invocations=168 (full 0):
 garbage-first heap   total 262144K, used 86080K [0x00000000e0000000, 0x0000000100000000)
  region size 1024K, 10 young (10240K), 10 survivors (10240K)
 Metaspace       used 86845K, committed 89792K, reserved 458752K
  class space    used 11015K, committed 12288K, reserved 327680K
}

